WARNING: A terminally deprecated method in sun.misc.Unsafe has been called
WARNING: sun.misc.Unsafe::staticFieldBase has been called by com.google.inject.internal.aop.HiddenClassDefiner (file:/C:/Users/nopsy/.m2/wrapper/dists/apache-maven-3.9.11/a2d47e15/lib/guice-5.1.0-classes.jar)
WARNING: Please consider reporting this to the maintainers of class com.google.inject.internal.aop.HiddenClassDefiner
WARNING: sun.misc.Unsafe::staticFieldBase will be removed in a future release
[INFO] Scanning for projects...
[INFO] 
[INFO] -----------------------< com.pretest:ecommerce >------------------------
[INFO] Building ecommerce 0.0.1-SNAPSHOT
[INFO]   from pom.xml
[INFO] --------------------------------[ jar ]---------------------------------
[INFO] 
[INFO] --- resources:3.3.1:resources (default-resources) @ ecommerce ---
[INFO] Copying 1 resource from src\main\resources to target\classes
[INFO] Copying 0 resource from src\main\resources to target\classes
[INFO] 
[INFO] --- compiler:3.11.0:compile (default-compile) @ ecommerce ---
[INFO] Nothing to compile - all classes are up to date
[INFO] 
[INFO] --- resources:3.3.1:testResources (default-testResources) @ ecommerce ---
[INFO] Copying 0 resource from src\test\resources to target\test-classes
[INFO] 
[INFO] --- compiler:3.11.0:testCompile (default-testCompile) @ ecommerce ---
[INFO] Nothing to compile - all classes are up to date
[INFO] 
[INFO] --- surefire:3.2.3:test (default-test) @ ecommerce ---
[INFO] Using auto detected provider org.apache.maven.surefire.junitplatform.JUnitPlatformProvider
[INFO] 
[INFO] -------------------------------------------------------
[INFO]  T E S T S
[INFO] -------------------------------------------------------
[INFO] Running com.pretest.ecommerce.controller.AuthControllerTest
02:10:56.339 [main] INFO org.springframework.test.context.support.AnnotationConfigContextLoaderUtils -- Could not detect default configuration classes for test class [com.pretest.ecommerce.controller.AuthControllerTest]: AuthControllerTest does not declare any static, non-private, non-final, nested classes annotated with @Configuration.
02:10:56.482 [main] INFO org.springframework.boot.test.context.SpringBootTestContextBootstrapper -- Found @SpringBootConfiguration com.pretest.ecommerce.EcommerceApplication for test class com.pretest.ecommerce.controller.AuthControllerTest

  .   ____          _            __ _ _
 /\\ / ___'_ __ _ _(_)_ __  __ _ \ \ \ \
( ( )\___ | '_ | '_| | '_ \/ _` | \ \ \ \
 \\/  ___)| |_)| | | | | || (_| |  ) ) ) )
  '  |____| .__|_| |_|_| |_\__, | / / / /
 =========|_|==============|___/=/_/_/_/
 :: Spring Boot ::                (v3.2.0)

2025-12-13T02:10:56.779+07:00  INFO 23912 --- [ecommerce] [           main] c.p.e.controller.AuthControllerTest      : Starting AuthControllerTest using Java 25.0.1 with PID 23912 (started by nopsy in D:\Codingan\Kerjaan\Tabel Data\pretest-maggang-backend-java)
2025-12-13T02:10:56.780+07:00  INFO 23912 --- [ecommerce] [           main] c.p.e.controller.AuthControllerTest      : No active profile set, falling back to 1 default profile: "default"
OpenJDK 64-Bit Server VM warning: Sharing is only supported for boot loader classes because bootstrap classpath has been appended
WARNING: A Java agent has been loaded dynamically (C:\Users\nopsy\.m2\repository\net\bytebuddy\byte-buddy-agent\1.14.10\byte-buddy-agent-1.14.10.jar)
WARNING: If a serviceability tool is in use, please run with -XX:+EnableDynamicAgentLoading to hide this warning
WARNING: If a serviceability tool is not in use, please run with -Djdk.instrument.traceUsage for more information
WARNING: Dynamic loading of agents will be disallowed by default in a future release
WARNING: A terminally deprecated method in sun.misc.Unsafe has been called
WARNING: sun.misc.Unsafe::objectFieldOffset has been called by net.bytebuddy.dynamic.loading.ClassInjector$UsingUnsafe$Dispatcher$CreationAction (file:/C:/Users/nopsy/.m2/repository/net/bytebuddy/byte-buddy/1.14.10/byte-buddy-1.14.10.jar)
WARNING: Please consider reporting this to the maintainers of class net.bytebuddy.dynamic.loading.ClassInjector$UsingUnsafe$Dispatcher$CreationAction
WARNING: sun.misc.Unsafe::objectFieldOffset will be removed in a future release
2025-12-13T02:10:58.770+07:00  INFO 23912 --- [ecommerce] [           main] o.s.b.t.m.w.SpringBootMockServletContext : Initializing Spring TestDispatcherServlet ''
2025-12-13T02:10:58.770+07:00  INFO 23912 --- [ecommerce] [           main] o.s.t.web.servlet.TestDispatcherServlet  : Initializing Servlet ''
2025-12-13T02:10:58.772+07:00  INFO 23912 --- [ecommerce] [           main] o.s.t.web.servlet.TestDispatcherServlet  : Completed initialization in 2 ms
2025-12-13T02:10:58.801+07:00  INFO 23912 --- [ecommerce] [           main] c.p.e.controller.AuthControllerTest      : Started AuthControllerTest in 2.267 seconds (process running for 3.245)
[INFO] Tests run: 7, Failures: 0, Errors: 0, Skipped: 0, Time elapsed: 3.004 s -- in com.pretest.ecommerce.controller.AuthControllerTest
[INFO] Running com.pretest.ecommerce.controller.CartControllerTest
2025-12-13T02:10:59.205+07:00  INFO 23912 --- [ecommerce] [           main] t.c.s.AnnotationConfigContextLoaderUtils : Could not detect default configuration classes for test class [com.pretest.ecommerce.controller.CartControllerTest]: CartControllerTest does not declare any static, non-private, non-final, nested classes annotated with @Configuration.
2025-12-13T02:10:59.215+07:00  INFO 23912 --- [ecommerce] [           main] .b.t.c.SpringBootTestContextBootstrapper : Found @SpringBootConfiguration com.pretest.ecommerce.EcommerceApplication for test class com.pretest.ecommerce.controller.CartControllerTest

  .   ____          _            __ _ _
 /\\ / ___'_ __ _ _(_)_ __  __ _ \ \ \ \
( ( )\___ | '_ | '_| | '_ \/ _` | \ \ \ \
 \\/  ___)| |_)| | | | | || (_| |  ) ) ) )
  '  |____| .__|_| |_|_| |_\__, | / / / /
 =========|_|==============|___/=/_/_/_/
 :: Spring Boot ::                (v3.2.0)

2025-12-13T02:10:59.262+07:00  INFO 23912 --- [ecommerce] [           main] c.p.e.controller.CartControllerTest      : Starting CartControllerTest using Java 25.0.1 with PID 23912 (started by nopsy in D:\Codingan\Kerjaan\Tabel Data\pretest-maggang-backend-java)
2025-12-13T02:10:59.263+07:00  INFO 23912 --- [ecommerce] [           main] c.p.e.controller.CartControllerTest      : No active profile set, falling back to 1 default profile: "default"
2025-12-13T02:10:59.552+07:00  INFO 23912 --- [ecommerce] [           main] o.s.b.t.m.w.SpringBootMockServletContext : Initializing Spring TestDispatcherServlet ''
2025-12-13T02:10:59.552+07:00  INFO 23912 --- [ecommerce] [           main] o.s.t.web.servlet.TestDispatcherServlet  : Initializing Servlet ''
2025-12-13T02:10:59.553+07:00  INFO 23912 --- [ecommerce] [           main] o.s.t.web.servlet.TestDispatcherServlet  : Completed initialization in 0 ms
2025-12-13T02:10:59.559+07:00  INFO 23912 --- [ecommerce] [           main] c.p.e.controller.CartControllerTest      : Started CartControllerTest in 0.338 seconds (process running for 4.003)
[INFO] Tests run: 5, Failures: 0, Errors: 0, Skipped: 0, Time elapsed: 0.409 s -- in com.pretest.ecommerce.controller.CartControllerTest
[INFO] Running com.pretest.ecommerce.controller.ImageControllerTest
2025-12-13T02:10:59.614+07:00  INFO 23912 --- [ecommerce] [           main] t.c.s.AnnotationConfigContextLoaderUtils : Could not detect default configuration classes for test class [com.pretest.ecommerce.controller.ImageControllerTest]: ImageControllerTest does not declare any static, non-private, non-final, nested classes annotated with @Configuration.
2025-12-13T02:10:59.622+07:00  INFO 23912 --- [ecommerce] [           main] .b.t.c.SpringBootTestContextBootstrapper : Found @SpringBootConfiguration com.pretest.ecommerce.EcommerceApplication for test class com.pretest.ecommerce.controller.ImageControllerTest

  .   ____          _            __ _ _
 /\\ / ___'_ __ _ _(_)_ __  __ _ \ \ \ \
( ( )\___ | '_ | '_| | '_ \/ _` | \ \ \ \
 \\/  ___)| |_)| | | | | || (_| |  ) ) ) )
  '  |____| .__|_| |_|_| |_\__, | / / / /
 =========|_|==============|___/=/_/_/_/
 :: Spring Boot ::                (v3.2.0)

2025-12-13T02:10:59.657+07:00  INFO 23912 --- [ecommerce] [           main] c.p.e.controller.ImageControllerTest     : Starting ImageControllerTest using Java 25.0.1 with PID 23912 (started by nopsy in D:\Codingan\Kerjaan\Tabel Data\pretest-maggang-backend-java)
2025-12-13T02:10:59.657+07:00  INFO 23912 --- [ecommerce] [           main] c.p.e.controller.ImageControllerTest     : No active profile set, falling back to 1 default profile: "default"
2025-12-13T02:10:59.788+07:00  INFO 23912 --- [ecommerce] [           main] o.s.b.t.m.w.SpringBootMockServletContext : Initializing Spring TestDispatcherServlet ''
2025-12-13T02:10:59.788+07:00  INFO 23912 --- [ecommerce] [           main] o.s.t.web.servlet.TestDispatcherServlet  : Initializing Servlet ''
2025-12-13T02:10:59.788+07:00  INFO 23912 --- [ecommerce] [           main] o.s.t.web.servlet.TestDispatcherServlet  : Completed initialization in 0 ms
2025-12-13T02:10:59.791+07:00  INFO 23912 --- [ecommerce] [           main] c.p.e.controller.ImageControllerTest     : Started ImageControllerTest in 0.165 seconds (process running for 4.235)
[INFO] Tests run: 2, Failures: 0, Errors: 0, Skipped: 0, Time elapsed: 0.197 s -- in com.pretest.ecommerce.controller.ImageControllerTest
[INFO] Running com.pretest.ecommerce.controller.ProductControllerTest
2025-12-13T02:10:59.815+07:00  INFO 23912 --- [ecommerce] [           main] t.c.s.AnnotationConfigContextLoaderUtils : Could not detect default configuration classes for test class [com.pretest.ecommerce.controller.ProductControllerTest]: ProductControllerTest does not declare any static, non-private, non-final, nested classes annotated with @Configuration.
2025-12-13T02:10:59.825+07:00  INFO 23912 --- [ecommerce] [           main] .b.t.c.SpringBootTestContextBootstrapper : Found @SpringBootConfiguration com.pretest.ecommerce.EcommerceApplication for test class com.pretest.ecommerce.controller.ProductControllerTest

  .   ____          _            __ _ _
 /\\ / ___'_ __ _ _(_)_ __  __ _ \ \ \ \
( ( )\___ | '_ | '_| | '_ \/ _` | \ \ \ \
 \\/  ___)| |_)| | | | | || (_| |  ) ) ) )
  '  |____| .__|_| |_|_| |_\__, | / / / /
 =========|_|==============|___/=/_/_/_/
 :: Spring Boot ::                (v3.2.0)

2025-12-13T02:10:59.846+07:00  INFO 23912 --- [ecommerce] [           main] c.p.e.controller.ProductControllerTest   : Starting ProductControllerTest using Java 25.0.1 with PID 23912 (started by nopsy in D:\Codingan\Kerjaan\Tabel Data\pretest-maggang-backend-java)
2025-12-13T02:10:59.846+07:00  INFO 23912 --- [ecommerce] [           main] c.p.e.controller.ProductControllerTest   : No active profile set, falling back to 1 default profile: "default"
2025-12-13T02:11:00.093+07:00  INFO 23912 --- [ecommerce] [           main] o.s.b.t.m.w.SpringBootMockServletContext : Initializing Spring TestDispatcherServlet ''
2025-12-13T02:11:00.093+07:00  INFO 23912 --- [ecommerce] [           main] o.s.t.web.servlet.TestDispatcherServlet  : Initializing Servlet ''
2025-12-13T02:11:00.094+07:00  INFO 23912 --- [ecommerce] [           main] o.s.t.web.servlet.TestDispatcherServlet  : Completed initialization in 1 ms
2025-12-13T02:11:00.097+07:00  INFO 23912 --- [ecommerce] [           main] c.p.e.controller.ProductControllerTest   : Started ProductControllerTest in 0.269 seconds (process running for 4.541)
[INFO] Tests run: 5, Failures: 0, Errors: 0, Skipped: 0, Time elapsed: 0.345 s -- in com.pretest.ecommerce.controller.ProductControllerTest
[INFO] Running com.pretest.ecommerce.controller.StoreControllerTest
2025-12-13T02:11:00.163+07:00  INFO 23912 --- [ecommerce] [           main] t.c.s.AnnotationConfigContextLoaderUtils : Could not detect default configuration classes for test class [com.pretest.ecommerce.controller.StoreControllerTest]: StoreControllerTest does not declare any static, non-private, non-final, nested classes annotated with @Configuration.
2025-12-13T02:11:00.170+07:00  INFO 23912 --- [ecommerce] [           main] .b.t.c.SpringBootTestContextBootstrapper : Found @SpringBootConfiguration com.pretest.ecommerce.EcommerceApplication for test class com.pretest.ecommerce.controller.StoreControllerTest

  .   ____          _            __ _ _
 /\\ / ___'_ __ _ _(_)_ __  __ _ \ \ \ \
( ( )\___ | '_ | '_| | '_ \/ _` | \ \ \ \
 \\/  ___)| |_)| | | | | || (_| |  ) ) ) )
  '  |____| .__|_| |_|_| |_\__, | / / / /
 =========|_|==============|___/=/_/_/_/
 :: Spring Boot ::                (v3.2.0)

2025-12-13T02:11:00.188+07:00  INFO 23912 --- [ecommerce] [           main] c.p.e.controller.StoreControllerTest     : Starting StoreControllerTest using Java 25.0.1 with PID 23912 (started by nopsy in D:\Codingan\Kerjaan\Tabel Data\pretest-maggang-backend-java)
2025-12-13T02:11:00.188+07:00  INFO 23912 --- [ecommerce] [           main] c.p.e.controller.StoreControllerTest     : No active profile set, falling back to 1 default profile: "default"
2025-12-13T02:11:00.400+07:00  INFO 23912 --- [ecommerce] [           main] o.s.b.t.m.w.SpringBootMockServletContext : Initializing Spring TestDispatcherServlet ''
2025-12-13T02:11:00.400+07:00  INFO 23912 --- [ecommerce] [           main] o.s.t.web.servlet.TestDispatcherServlet  : Initializing Servlet ''
2025-12-13T02:11:00.401+07:00  INFO 23912 --- [ecommerce] [           main] o.s.t.web.servlet.TestDispatcherServlet  : Completed initialization in 1 ms
2025-12-13T02:11:00.405+07:00  INFO 23912 --- [ecommerce] [           main] c.p.e.controller.StoreControllerTest     : Started StoreControllerTest in 0.233 seconds (process running for 4.848)
[INFO] Tests run: 5, Failures: 0, Errors: 0, Skipped: 0, Time elapsed: 0.285 s -- in com.pretest.ecommerce.controller.StoreControllerTest
[INFO] Running com.pretest.ecommerce.controller.TransactionControllerTest
2025-12-13T02:11:00.450+07:00  INFO 23912 --- [ecommerce] [           main] t.c.s.AnnotationConfigContextLoaderUtils : Could not detect default configuration classes for test class [com.pretest.ecommerce.controller.TransactionControllerTest]: TransactionControllerTest does not declare any static, non-private, non-final, nested classes annotated with @Configuration.
2025-12-13T02:11:00.454+07:00  INFO 23912 --- [ecommerce] [           main] .b.t.c.SpringBootTestContextBootstrapper : Found @SpringBootConfiguration com.pretest.ecommerce.EcommerceApplication for test class com.pretest.ecommerce.controller.TransactionControllerTest

  .   ____          _            __ _ _
 /\\ / ___'_ __ _ _(_)_ __  __ _ \ \ \ \
( ( )\___ | '_ | '_| | '_ \/ _` | \ \ \ \
 \\/  ___)| |_)| | | | | || (_| |  ) ) ) )
  '  |____| .__|_| |_|_| |_\__, | / / / /
 =========|_|==============|___/=/_/_/_/
 :: Spring Boot ::                (v3.2.0)

2025-12-13T02:11:00.469+07:00  INFO 23912 --- [ecommerce] [           main] c.p.e.c.TransactionControllerTest        : Starting TransactionControllerTest using Java 25.0.1 with PID 23912 (started by nopsy in D:\Codingan\Kerjaan\Tabel Data\pretest-maggang-backend-java)
2025-12-13T02:11:00.469+07:00  INFO 23912 --- [ecommerce] [           main] c.p.e.c.TransactionControllerTest        : No active profile set, falling back to 1 default profile: "default"
2025-12-13T02:11:00.633+07:00  INFO 23912 --- [ecommerce] [           main] o.s.b.t.m.w.SpringBootMockServletContext : Initializing Spring TestDispatcherServlet ''
2025-12-13T02:11:00.633+07:00  INFO 23912 --- [ecommerce] [           main] o.s.t.web.servlet.TestDispatcherServlet  : Initializing Servlet ''
2025-12-13T02:11:00.633+07:00  INFO 23912 --- [ecommerce] [           main] o.s.t.web.servlet.TestDispatcherServlet  : Completed initialization in 0 ms
2025-12-13T02:11:00.636+07:00  INFO 23912 --- [ecommerce] [           main] c.p.e.c.TransactionControllerTest        : Started TransactionControllerTest in 0.18 seconds (process running for 5.08)
[INFO] Tests run: 1, Failures: 0, Errors: 0, Skipped: 0, Time elapsed: 0.199 s -- in com.pretest.ecommerce.controller.TransactionControllerTest
[INFO] Running com.pretest.ecommerce.EcommerceApplicationTests
2025-12-13T02:11:00.650+07:00  INFO 23912 --- [ecommerce] [           main] t.c.s.AnnotationConfigContextLoaderUtils : Could not detect default configuration classes for test class [com.pretest.ecommerce.EcommerceApplicationTests]: EcommerceApplicationTests does not declare any static, non-private, non-final, nested classes annotated with @Configuration.
2025-12-13T02:11:00.655+07:00  INFO 23912 --- [ecommerce] [           main] .b.t.c.SpringBootTestContextBootstrapper : Found @SpringBootConfiguration com.pretest.ecommerce.EcommerceApplication for test class com.pretest.ecommerce.EcommerceApplicationTests

  .   ____          _            __ _ _
 /\\ / ___'_ __ _ _(_)_ __  __ _ \ \ \ \
( ( )\___ | '_ | '_| | '_ \/ _` | \ \ \ \
 \\/  ___)| |_)| | | | | || (_| |  ) ) ) )
  '  |____| .__|_| |_|_| |_\__, | / / / /
 =========|_|==============|___/=/_/_/_/
 :: Spring Boot ::                (v3.2.0)

2025-12-13T02:11:00.669+07:00  INFO 23912 --- [ecommerce] [           main] c.p.ecommerce.EcommerceApplicationTests  : Starting EcommerceApplicationTests using Java 25.0.1 with PID 23912 (started by nopsy in D:\Codingan\Kerjaan\Tabel Data\pretest-maggang-backend-java)
2025-12-13T02:11:00.669+07:00  INFO 23912 --- [ecommerce] [           main] c.p.ecommerce.EcommerceApplicationTests  : No active profile set, falling back to 1 default profile: "default"
2025-12-13T02:11:00.902+07:00  INFO 23912 --- [ecommerce] [           main] .s.d.r.c.RepositoryConfigurationDelegate : Multiple Spring Data modules found, entering strict repository configuration mode
2025-12-13T02:11:00.903+07:00  INFO 23912 --- [ecommerce] [           main] .s.d.r.c.RepositoryConfigurationDelegate : Bootstrapping Spring Data JPA repositories in DEFAULT mode.
2025-12-13T02:11:00.947+07:00  INFO 23912 --- [ecommerce] [           main] .s.d.r.c.RepositoryConfigurationDelegate : Finished Spring Data repository scanning in 36 ms. Found 5 JPA repository interfaces.
2025-12-13T02:11:00.963+07:00  INFO 23912 --- [ecommerce] [           main] .s.d.r.c.RepositoryConfigurationDelegate : Multiple Spring Data modules found, entering strict repository configuration mode
2025-12-13T02:11:00.964+07:00  INFO 23912 --- [ecommerce] [           main] .s.d.r.c.RepositoryConfigurationDelegate : Bootstrapping Spring Data Redis repositories in DEFAULT mode.
2025-12-13T02:11:00.979+07:00  INFO 23912 --- [ecommerce] [           main] .RepositoryConfigurationExtensionSupport : Spring Data Redis - Could not safely identify store assignment for repository candidate interface com.pretest.ecommerce.repository.CartRepository; If you want this repository to be a Redis repository, consider annotating your entities with one of these annotations: org.springframework.data.redis.core.RedisHash (preferred), or consider extending one of the following types with your repository: org.springframework.data.keyvalue.repository.KeyValueRepository
2025-12-13T02:11:00.979+07:00  INFO 23912 --- [ecommerce] [           main] .RepositoryConfigurationExtensionSupport : Spring Data Redis - Could not safely identify store assignment for repository candidate interface com.pretest.ecommerce.repository.ProductRepository; If you want this repository to be a Redis repository, consider annotating your entities with one of these annotations: org.springframework.data.redis.core.RedisHash (preferred), or consider extending one of the following types with your repository: org.springframework.data.keyvalue.repository.KeyValueRepository
2025-12-13T02:11:00.979+07:00  INFO 23912 --- [ecommerce] [           main] .RepositoryConfigurationExtensionSupport : Spring Data Redis - Could not safely identify store assignment for repository candidate interface com.pretest.ecommerce.repository.StoreRepository; If you want this repository to be a Redis repository, consider annotating your entities with one of these annotations: org.springframework.data.redis.core.RedisHash (preferred), or consider extending one of the following types with your repository: org.springframework.data.keyvalue.repository.KeyValueRepository
2025-12-13T02:11:00.979+07:00  INFO 23912 --- [ecommerce] [           main] .RepositoryConfigurationExtensionSupport : Spring Data Redis - Could not safely identify store assignment for repository candidate interface com.pretest.ecommerce.repository.TransactionRepository; If you want this repository to be a Redis repository, consider annotating your entities with one of these annotations: org.springframework.data.redis.core.RedisHash (preferred), or consider extending one of the following types with your repository: org.springframework.data.keyvalue.repository.KeyValueRepository
2025-12-13T02:11:00.979+07:00  INFO 23912 --- [ecommerce] [           main] .RepositoryConfigurationExtensionSupport : Spring Data Redis - Could not safely identify store assignment for repository candidate interface com.pretest.ecommerce.repository.UserRepository; If you want this repository to be a Redis repository, consider annotating your entities with one of these annotations: org.springframework.data.redis.core.RedisHash (preferred), or consider extending one of the following types with your repository: org.springframework.data.keyvalue.repository.KeyValueRepository
2025-12-13T02:11:00.979+07:00  INFO 23912 --- [ecommerce] [           main] .s.d.r.c.RepositoryConfigurationDelegate : Finished Spring Data repository scanning in 7 ms. Found 0 Redis repository interfaces.
2025-12-13T02:11:01.270+07:00  INFO 23912 --- [ecommerce] [           main] o.hibernate.jpa.internal.util.LogHelper  : HHH000204: Processing PersistenceUnitInfo [name: default]
2025-12-13T02:11:01.325+07:00  INFO 23912 --- [ecommerce] [           main] org.hibernate.Version                    : HHH000412: Hibernate ORM core version 6.3.1.Final
2025-12-13T02:11:01.356+07:00  INFO 23912 --- [ecommerce] [           main] o.h.c.internal.RegionFactoryInitiator    : HHH000026: Second-level cache disabled
2025-12-13T02:11:01.452+07:00  INFO 23912 --- [ecommerce] [           main] o.s.o.j.p.SpringPersistenceUnitInfo      : No LoadTimeWeaver setup: ignoring JPA class transformer
2025-12-13T02:11:01.479+07:00  INFO 23912 --- [ecommerce] [           main] com.zaxxer.hikari.HikariDataSource       : HikariPool-1 - Starting...
2025-12-13T02:11:01.642+07:00  INFO 23912 --- [ecommerce] [           main] com.zaxxer.hikari.pool.HikariPool        : HikariPool-1 - Added connection org.postgresql.jdbc.PgConnection@5453020f
2025-12-13T02:11:01.643+07:00  INFO 23912 --- [ecommerce] [           main] com.zaxxer.hikari.HikariDataSource       : HikariPool-1 - Start completed.
2025-12-13T02:11:01.667+07:00  WARN 23912 --- [ecommerce] [           main] org.hibernate.orm.deprecation            : HHH90000025: PostgreSQLDialect does not need to be specified explicitly using 'hibernate.dialect' (remove the property setting and it will be selected by default)
2025-12-13T02:11:02.528+07:00  INFO 23912 --- [ecommerce] [           main] o.h.e.t.j.p.i.JtaPlatformInitiator       : HHH000489: No JTA platform available (set 'hibernate.transaction.jta.platform' to enable JTA platform integration)
2025-12-13T02:11:02.675+07:00  INFO 23912 --- [ecommerce] [           main] j.LocalContainerEntityManagerFactoryBean : Initialized JPA EntityManagerFactory for persistence unit 'default'
WARNING: A restricted method in java.lang.System has been called
WARNING: java.lang.System::load has been called by org.apache.tomcat.jni.Library in an unnamed module (file:/C:/Users/nopsy/.m2/repository/org/apache/tomcat/embed/tomcat-embed-core/10.1.16/tomcat-embed-core-10.1.16.jar)
WARNING: Use --enable-native-access=ALL-UNNAMED to avoid a warning for callers in this module
WARNING: Restricted methods will be blocked in a future release unless native access is enabled

2025-12-13T02:11:03.381+07:00  WARN 23912 --- [ecommerce] [           main] JpaBaseConfiguration$JpaWebConfiguration : spring.jpa.open-in-view is enabled by default. Therefore, database queries may be performed during view rendering. Explicitly configure spring.jpa.open-in-view to disable this warning
2025-12-13T02:11:03.522+07:00  INFO 23912 --- [ecommerce] [           main] c.p.ecommerce.EcommerceApplicationTests  : Started EcommerceApplicationTests in 2.863 seconds (process running for 7.966)
[INFO] Tests run: 1, Failures: 0, Errors: 0, Skipped: 0, Time elapsed: 2.878 s -- in com.pretest.ecommerce.EcommerceApplicationTests
[INFO] 
[INFO] Results:
[INFO] 
[INFO] Tests run: 26, Failures: 0, Errors: 0, Skipped: 0
[INFO] 
[INFO] ------------------------------------------------------------------------
[INFO] BUILD SUCCESS
[INFO] ------------------------------------------------------------------------
[INFO] Total time:  10.381 s
[INFO] Finished at: 2025-12-13T02:11:03+07:00
[INFO] ------------------------------------------------------------------------
